[    73.732] (--) Log file renamed from "/home/meewoan/.local/share/xorg/Xorg.pid-3533.log" to "/home/meewoan/.local/share/xorg/Xorg.0.log"
[    73.738] 
X.Org X Server 1.20.13
X Protocol Version 11, Revision 0
[    73.738] Build Operating System: linux Ubuntu
[    73.738] Current Operating System: Linux ubuntu 5.15.0-134-generic #145~20.04.1-Ubuntu SMP Mon Feb 17 13:27:16 UTC 2025 x86_64
[    73.738] Kernel command line: BOOT_IMAGE=/boot/vmlinuz-5.15.0-134-generic root=UUID=8f05ec0b-c3cf-4730-9f91-86d0f5362e41 ro find_preseed=/preseed.cfg auto noprompt priority=critical locale=en_US quiet
[    73.738] Build Date: 07 February 2023  12:48:13PM
[    73.740] xorg-server 2:1.20.13-1ubuntu1~20.04.6 (For technical support please see http://www.ubuntu.com/support) 
[    73.740] Current version of pixman: 0.38.4
[    73.740] 	Before reporting problems, check http://wiki.x.org
	to make sure that you have the latest version.
[    73.740] Markers: (--) probed, (**) from config file, (==) default setting,
	(++) from command line, (!!) notice, (II) informational,
	(WW) warning, (EE) error, (NI) not implemented, (??) unknown.
[    73.742] (==) Log file: "/home/meewoan/.local/share/xorg/Xorg.0.log", Time: Tue Mar 25 23:45:16 2025
[    73.746] (==) Using system config directory "/usr/share/X11/xorg.conf.d"
[    73.759] (==) No Layout section.  Using the first Screen section.
[    73.759] (==) No screen section available. Using defaults.
[    73.759] (**) |-->Screen "Default Screen Section" (0)
[    73.759] (**) |   |-->Monitor "<default monitor>"
[    73.765] (==) No monitor specified for screen "Default Screen Section".
	Using a default monitor configuration.
[    73.765] (==) Automatically adding devices
[    73.765] (==) Automatically enabling devices
[    73.765] (==) Automatically adding GPU devices
[    73.765] (==) Automatically binding GPU devices
[    73.766] (==) Max clients allowed: 256, resource mask: 0x1fffff
[    73.766] (WW) The directory "/usr/share/fonts/X11/cyrillic" does not exist.
[    73.766] 	Entry deleted from font path.
[    73.766] (WW) The directory "/usr/share/fonts/X11/100dpi/" does not exist.
[    73.766] 	Entry deleted from font path.
[    73.766] (WW) The directory "/usr/share/fonts/X11/75dpi/" does not exist.
[    73.766] 	Entry deleted from font path.
[    73.767] (WW) The directory "/usr/share/fonts/X11/100dpi" does not exist.
[    73.767] 	Entry deleted from font path.
[    73.767] (WW) The directory "/usr/share/fonts/X11/75dpi" does not exist.
[    73.767] 	Entry deleted from font path.
[    73.767] (==) FontPath set to:
	/usr/share/fonts/X11/misc,
	/usr/share/fonts/X11/Type1,
	built-ins
[    73.767] (==) ModulePath set to "/usr/lib/xorg/modules"
[    73.768] (II) The server relies on udev to provide the list of input devices.
	If no devices become available, reconfigure udev or disable AutoAddDevices.
[    73.768] (II) Loader magic: 0x55688f7dc020
[    73.768] (II) Module ABI versions:
[    73.768] 	X.Org ANSI C Emulation: 0.4
[    73.768] 	X.Org Video Driver: 24.1
[    73.768] 	X.Org XInput driver : 24.1
[    73.768] 	X.Org Server Extension : 10.0
[    73.769] (++) using VT number 2

[    73.771] (II) systemd-logind: took control of session /org/freedesktop/login1/session/_32
[    73.773] (II) xfree86: Adding drm device (/dev/dri/card0)
[    73.774] (II) systemd-logind: got fd for /dev/dri/card0 226:0 fd 12 paused 0
[    73.790] (--) PCI:*(0@0:15:0) 15ad:0405:15ad:0405 rev 0, Mem @ 0xe8000000/134217728, 0xfe000000/8388608, I/O @ 0x00001070/16, BIOS @ 0x????????/131072
[    73.790] (II) LoadModule: "glx"
[    73.797] (II) Loading /usr/lib/xorg/modules/extensions/libglx.so
[    73.810] (II) Module glx: vendor="X.Org Foundation"
[    73.810] 	compiled for 1.20.13, module version = 1.0.0
[    73.810] 	ABI class: X.Org Server Extension, version 10.0
[    73.810] (==) Matched vmware as autoconfigured driver 0
[    73.810] (==) Matched modesetting as autoconfigured driver 1
[    73.810] (==) Matched fbdev as autoconfigured driver 2
[    73.810] (==) Matched vesa as autoconfigured driver 3
[    73.811] (==) Assigned the driver to the xf86ConfigLayout
[    73.811] (II) LoadModule: "vmware"
[    73.813] (II) Loading /usr/lib/xorg/modules/drivers/vmware_drv.so
[    73.970] (II) Module vmware: vendor="X.Org Foundation"
[    73.970] 	compiled for 1.20.8, module version = 13.3.0
[    73.970] 	Module class: X.Org Video Driver
[    73.970] 	ABI class: X.Org Video Driver, version 24.1
[    73.970] (II) LoadModule: "modesetting"
[    73.971] (II) Loading /usr/lib/xorg/modules/drivers/modesetting_drv.so
[    73.977] (II) Module modesetting: vendor="X.Org Foundation"
[    73.977] 	compiled for 1.20.13, module version = 1.20.13
[    73.977] 	Module class: X.Org Video Driver
[    73.977] 	ABI class: X.Org Video Driver, version 24.1
[    73.977] (II) LoadModule: "fbdev"
[    73.977] (II) Loading /usr/lib/xorg/modules/drivers/fbdev_drv.so
[    73.979] (II) Module fbdev: vendor="X.Org Foundation"
[    73.979] 	compiled for 1.20.1, module version = 0.5.0
[    73.979] 	Module class: X.Org Video Driver
[    73.979] 	ABI class: X.Org Video Driver, version 24.0
[    73.979] (II) LoadModule: "vesa"
[    73.979] (II) Loading /usr/lib/xorg/modules/drivers/vesa_drv.so
[    73.981] (II) Module vesa: vendor="X.Org Foundation"
[    73.981] 	compiled for 1.20.4, module version = 2.4.0
[    73.981] 	Module class: X.Org Video Driver
[    73.981] 	ABI class: X.Org Video Driver, version 24.0
[    73.981] (II) vmware: driver for VMware SVGA: vmware0405, vmware0710
[    73.981] (II) modesetting: Driver for Modesetting Kernel Drivers: kms
[    73.981] (II) FBDEV: driver for framebuffer: fbdev
[    73.981] (II) VESA: driver for VESA chipsets: vesa
[    73.981] xf86EnableIOPorts: failed to set IOPL for I/O (Operation not permitted)
[    73.981] (WW) Falling back to old probe method for modesetting
[    73.982] (WW) Falling back to old probe method for fbdev
[    73.982] (II) Loading sub module "fbdevhw"
[    73.982] (II) LoadModule: "fbdevhw"
[    73.982] (II) Loading /usr/lib/xorg/modules/libfbdevhw.so
[    73.983] (II) Module fbdevhw: vendor="X.Org Foundation"
[    73.983] 	compiled for 1.20.13, module version = 0.0.2
[    73.983] 	ABI class: X.Org Video Driver, version 24.1
[    73.983] (EE) open /dev/fb0: Permission denied
[    73.983] (WW) VGA arbiter: cannot open kernel arbiter, no multi-card support
[    73.983] (II) vmware(0): Creating default Display subsection in Screen section
	"Default Screen Section" for depth/fbbpp 24/32
[    73.984] (--) vmware(0): DRM driver version is 2.19.0
[    73.984] (==) vmware(0): Depth 24, (--) framebuffer bpp 32
[    73.984] (==) vmware(0): RGB weight 888
[    73.984] (==) vmware(0): Default visual is TrueColor
[    73.984] (--) vmware(0): Min width 1, Max Width 16384.
[    73.984] (--) vmware(0): Min height 1, Max Height 16384.
[    73.986] (II) vmware(0): Output Virtual1 has no monitor section
[    73.986] (II) vmware(0): Output Virtual2 has no monitor section
[    73.986] (II) vmware(0): Output Virtual3 has no monitor section
[    73.986] (II) vmware(0): Output Virtual4 has no monitor section
[    73.986] (II) vmware(0): Output Virtual5 has no monitor section
[    73.986] (II) vmware(0): Output Virtual6 has no monitor section
[    73.987] (II) vmware(0): Output Virtual7 has no monitor section
[    73.987] (II) vmware(0): Output Virtual8 has no monitor section
[    73.987] (II) vmware(0): Printing probed modes for output Virtual1
[    73.987] (II) vmware(0): Modeline "1718x810"x60.0  107.59  1718 1768 1818 1868  810 860 910 960 -hsync +vsync (57.6 kHz eP)
[    73.987] (II) vmware(0): Modeline "3840x2400"x60.0  592.25  3840 3888 3920 4000  2400 2403 2409 2469 +hsync -vsync (148.1 kHz e)
[    73.987] (II) vmware(0): Modeline "3840x2160"x60.0  533.00  3840 3888 3920 4000  2160 2163 2168 2222 +hsync -vsync (133.2 kHz e)
[    73.987] (II) vmware(0): Modeline "2880x1800"x59.9  337.50  2880 2928 2960 3040  1800 1803 1809 1852 +hsync -vsync (111.0 kHz e)
[    73.987] (II) vmware(0): Modeline "2560x1600"x60.0  348.50  2560 2752 3032 3504  1600 1603 1609 1658 -hsync +vsync (99.5 kHz e)
[    73.987] (II) vmware(0): Modeline "2560x1440"x60.0  241.50  2560 2608 2640 2720  1440 1443 1448 1481 +hsync -vsync (88.8 kHz e)
[    73.987] (II) vmware(0): Modeline "1920x1440"x60.0  234.00  1920 2048 2256 2600  1440 1441 1444 1500 -hsync +vsync (90.0 kHz e)
[    73.987] (II) vmware(0): Modeline "1856x1392"x60.0  218.25  1856 1952 2176 2528  1392 1393 1396 1439 -hsync +vsync (86.3 kHz e)
[    73.987] (II) vmware(0): Modeline "1792x1344"x60.0  204.75  1792 1920 2120 2448  1344 1345 1348 1394 -hsync +vsync (83.6 kHz e)
[    73.987] (II) vmware(0): Modeline "1920x1200"x59.9  193.25  1920 2056 2256 2592  1200 1203 1209 1245 -hsync +vsync (74.6 kHz e)
[    73.987] (II) vmware(0): Modeline "1920x1080"x60.0  173.00  1920 2048 2248 2576  1080 1083 1088 1120 -hsync +vsync (67.2 kHz e)
[    73.987] (II) vmware(0): Modeline "1600x1200"x60.0  162.00  1600 1664 1856 2160  1200 1201 1204 1250 +hsync +vsync (75.0 kHz e)
[    73.987] (II) vmware(0): Modeline "1680x1050"x60.0  146.25  1680 1784 1960 2240  1050 1053 1059 1089 -hsync +vsync (65.3 kHz e)
[    73.987] (II) vmware(0): Modeline "1400x1050"x60.0  121.75  1400 1488 1632 1864  1050 1053 1057 1089 -hsync +vsync (65.3 kHz e)
[    73.987] (II) vmware(0): Modeline "1280x1024"x60.0  108.00  1280 1328 1440 1688  1024 1025 1028 1066 +hsync +vsync (64.0 kHz e)
[    73.987] (II) vmware(0): Modeline "1440x900"x59.9  106.50  1440 1520 1672 1904  900 903 909 934 -hsync +vsync (55.9 kHz e)
[    73.988] (II) vmware(0): Modeline "1280x960"x60.0  108.00  1280 1376 1488 1800  960 961 964 1000 +hsync +vsync (60.0 kHz e)
[    73.988] (II) vmware(0): Modeline "1360x768"x60.0   85.50  1360 1424 1536 1792  768 771 777 795 +hsync +vsync (47.7 kHz e)
[    73.988] (II) vmware(0): Modeline "1280x800"x59.8   83.50  1280 1352 1480 1680  800 803 809 831 +hsync -vsync (49.7 kHz e)
[    73.988] (II) vmware(0): Modeline "1152x864"x75.0  108.00  1152 1216 1344 1600  864 865 868 900 +hsync +vsync (67.5 kHz e)
[    73.988] (II) vmware(0): Modeline "1280x768"x59.9   79.50  1280 1344 1472 1664  768 771 778 798 -hsync +vsync (47.8 kHz e)
[    73.988] (II) vmware(0): Modeline "1280x720"x59.9   74.50  1280 1344 1472 1664  720 723 728 748 -hsync +vsync (44.8 kHz e)
[    73.988] (II) vmware(0): Modeline "1024x768"x60.0   65.00  1024 1048 1184 1344  768 771 777 806 -hsync -vsync (48.4 kHz e)
[    73.989] (II) vmware(0): Modeline "800x600"x60.3   40.00  800 840 968 1056  600 601 605 628 +hsync +vsync (37.9 kHz e)
[    73.989] (II) vmware(0): Modeline "640x480"x59.9   25.18  640 656 752 800  480 489 492 525 -hsync -vsync (31.5 kHz e)
[    73.989] (II) vmware(0): EDID for output Virtual2
[    73.992] (II) vmware(0): EDID for output Virtual3
[    73.992] (II) vmware(0): EDID for output Virtual4
[    73.993] (II) vmware(0): EDID for output Virtual5
[    73.993] (II) vmware(0): EDID for output Virtual6
[    73.993] (II) vmware(0): EDID for output Virtual7
[    73.993] (II) vmware(0): EDID for output Virtual8
[    73.993] (II) vmware(0): Output Virtual1 connected
[    73.993] (II) vmware(0): Output Virtual2 disconnected
[    73.993] (II) vmware(0): Output Virtual3 disconnected
[    73.994] (II) vmware(0): Output Virtual4 disconnected
[    73.994] (II) vmware(0): Output Virtual5 disconnected
[    73.994] (II) vmware(0): Output Virtual6 disconnected
[    73.994] (II) vmware(0): Output Virtual7 disconnected
[    73.994] (II) vmware(0): Output Virtual8 disconnected
[    73.994] (II) vmware(0): Using exact sizes for initial modes
[    73.994] (II) vmware(0): Output Virtual1 using initial mode 1718x810 +0+0
[    73.994] (==) vmware(0): DPI set to (96, 96)
[    73.994] (==) vmware(0): Using gamma correction (1.0, 1.0, 1.0)
[    73.994] (II) Loading sub module "fb"
[    73.994] (II) LoadModule: "fb"
[    73.994] (II) Loading /usr/lib/xorg/modules/libfb.so
[    73.996] (II) Module fb: vendor="X.Org Foundation"
[    73.996] 	compiled for 1.20.13, module version = 1.0.0
[    73.996] 	ABI class: X.Org ANSI C Emulation, version 0.4
[    73.996] (II) Loading sub module "dri2"
[    73.997] (II) LoadModule: "dri2"
[    73.997] (II) Module "dri2" already built-in
[    73.997] (II) Loading sub module "dri3"
[    73.997] (II) LoadModule: "dri3"
[    73.997] (II) Module "dri3" already built-in
[    73.997] (II) UnloadModule: "modesetting"
[    73.997] (II) Unloading modesetting
[    73.997] (II) UnloadModule: "fbdev"
[    73.997] (II) Unloading fbdev
[    73.998] (II) UnloadSubModule: "fbdevhw"
[    73.998] (II) Unloading fbdevhw
[    73.998] (II) UnloadModule: "vesa"
[    73.998] (II) Unloading vesa
[    74.004] (II) vmware(0): Initialized VMWARE_CTRL extension version 0.2
[    74.441] (II) vmware(0): Gallium3D XA version: 2.5.0.
[    74.441] (II) vmware(0): Path of drm device is "/dev/dri/card0".
[    74.441] (II) vmware(0): [DRI2] Setup complete
[    74.441] (II) vmware(0): [DRI2]   DRI driver: vmwgfx
[    75.012] (--) vmware(0): Render acceleration is enabled.
[    75.012] (==) vmware(0): Rendercheck mode is disabled.
[    75.012] (--) vmware(0): Direct rendering (DRI2 3D) is enabled.
[    75.012] (--) vmware(0): Direct rendering (DRI3 3D) is enabled.
[    75.012] (==) vmware(0): Direct presents are disabled.
[    75.012] (==) vmware(0): Hardware only presents are automatic per scanout.
[    75.012] (==) vmware(0): Backing store enabled
[    75.012] (==) vmware(0): Silken mouse enabled
[    75.018] (==) vmware(0): DPMS enabled
[    75.018] (II) Initializing extension Generic Event Extension
[    75.019] (II) Initializing extension SHAPE
[    75.020] (II) Initializing extension MIT-SHM
[    75.021] (II) Initializing extension XInputExtension
[    75.024] (II) Initializing extension XTEST
[    75.024] (II) Initializing extension BIG-REQUESTS
[    75.026] (II) Initializing extension SYNC
[    75.026] (II) Initializing extension XKEYBOARD
[    75.026] (II) Initializing extension XC-MISC
[    75.026] (II) Initializing extension SECURITY
[    75.028] (II) Initializing extension XFIXES
[    75.028] (II) Initializing extension RENDER
[    75.029] (II) Initializing extension RANDR
[    75.030] (II) Initializing extension COMPOSITE
[    75.031] (II) Initializing extension DAMAGE
[    75.031] (II) Initializing extension MIT-SCREEN-SAVER
[    75.032] (II) Initializing extension DOUBLE-BUFFER
[    75.032] (II) Initializing extension RECORD
[    75.032] (II) Initializing extension DPMS
[    75.033] (II) Initializing extension Present
[    75.033] (II) Initializing extension DRI3
[    75.033] (II) Initializing extension X-Resource
[    75.035] (II) Initializing extension XVideo
[    75.035] (II) Initializing extension XVideo-MotionCompensation
[    75.035] (II) Initializing extension SELinux
[    75.035] (II) SELinux: Disabled on system
[    75.035] (II) Initializing extension GLX
[    75.073] (II) AIGLX: Loaded and initialized vmwgfx
[    75.073] (II) GLX: Initialized DRI2 GL provider for screen 0
[    75.074] (II) Initializing extension XFree86-VidModeExtension
[    75.074] (II) Initializing extension XFree86-DGA
[    75.074] (II) Initializing extension XFree86-DRI
[    75.074] (II) Initializing extension DRI2
[    75.144] (II) vmware(0): Setting screen physical size to 454 x 214
[    75.271] (II) config/udev: Adding input device Power Button (/dev/input/event0)
[    75.271] (**) Power Button: Applying InputClass "libinput keyboard catchall"
[    75.271] (II) LoadModule: "libinput"
[    75.271] (II) Loading /usr/lib/xorg/modules/input/libinput_drv.so
[    75.283] (II) Module libinput: vendor="X.Org Foundation"
[    75.283] 	compiled for 1.20.4, module version = 0.29.0
[    75.283] 	Module class: X.Org XInput Driver
[    75.283] 	ABI class: X.Org XInput driver, version 24.1
[    75.283] (II) Using input driver 'libinput' for 'Power Button'
[    75.285] (II) systemd-logind: got fd for /dev/input/event0 13:64 fd 24 paused 0
[    75.286] (**) Power Button: always reports core events
[    75.286] (**) Option "Device" "/dev/input/event0"
[    75.286] (**) Option "_source" "server/udev"
[    75.291] (II) event0  - Power Button: is tagged by udev as: Keyboard
[    75.291] (II) event0  - Power Button: device is a keyboard
[    75.292] (II) event0  - Power Button: device removed
[    75.292] (**) Option "config_info" "udev:/sys/devices/LNXSYSTM:00/LNXPWRBN:00/input/input0/event0"
[    75.292] (II) XINPUT: Adding extended input device "Power Button" (type: KEYBOARD, id 6)
[    75.333] (**) Option "xkb_model" "SKIP"
[    75.333] (**) Option "xkb_layout" "us"
[    75.378] (II) event0  - Power Button: is tagged by udev as: Keyboard
[    75.378] (II) event0  - Power Button: device is a keyboard
[    75.380] (II) config/udev: Adding input device VMware VMware Virtual USB Mouse (/dev/input/event4)
[    75.380] (**) VMware VMware Virtual USB Mouse: Applying InputClass "libinput pointer catchall"
[    75.380] (II) Using input driver 'libinput' for 'VMware VMware Virtual USB Mouse'
[    75.441] (II) systemd-logind: got fd for /dev/input/event4 13:68 fd 27 paused 0
[    75.441] (**) VMware VMware Virtual USB Mouse: always reports core events
[    75.441] (**) Option "Device" "/dev/input/event4"
[    75.441] (**) Option "_source" "server/udev"
[    75.442] (II) event4  - VMware VMware Virtual USB Mouse: is tagged by udev as: Mouse
[    75.443] (II) event4  - VMware VMware Virtual USB Mouse: device is a pointer
[    75.444] (II) event4  - VMware VMware Virtual USB Mouse: device removed
[    75.444] (**) Option "config_info" "udev:/sys/devices/pci0000:00/0000:00:11.0/0000:02:00.0/usb2/2-1/2-1:1.0/0003:0E0F:0003.0001/input/input5/event4"
[    75.444] (II) XINPUT: Adding extended input device "VMware VMware Virtual USB Mouse" (type: MOUSE, id 7)
[    75.444] (**) Option "AccelerationScheme" "none"
[    75.444] (**) VMware VMware Virtual USB Mouse: (accel) selected scheme none/0
[    75.444] (**) VMware VMware Virtual USB Mouse: (accel) acceleration factor: 2.000
[    75.444] (**) VMware VMware Virtual USB Mouse: (accel) acceleration threshold: 4
[    75.446] (II) event4  - VMware VMware Virtual USB Mouse: is tagged by udev as: Mouse
[    75.447] (II) event4  - VMware VMware Virtual USB Mouse: device is a pointer
[    75.448] (II) config/udev: Adding input device VMware VMware Virtual USB Mouse (/dev/input/mouse2)
[    75.448] (II) No input driver specified, ignoring this device.
[    75.448] (II) This device may have been added with another device file.
[    75.454] (II) config/udev: Adding input device AT Translated Set 2 keyboard (/dev/input/event1)
[    75.455] (**) AT Translated Set 2 keyboard: Applying InputClass "libinput keyboard catchall"
[    75.455] (II) Using input driver 'libinput' for 'AT Translated Set 2 keyboard'
[    75.456] (II) systemd-logind: got fd for /dev/input/event1 13:65 fd 28 paused 0
[    75.456] (**) AT Translated Set 2 keyboard: always reports core events
[    75.457] (**) Option "Device" "/dev/input/event1"
[    75.457] (**) Option "_source" "server/udev"
[    75.460] (II) event1  - AT Translated Set 2 keyboard: is tagged by udev as: Keyboard
[    75.460] (II) event1  - AT Translated Set 2 keyboard: device is a keyboard
[    75.461] (II) event1  - AT Translated Set 2 keyboard: device removed
[    75.461] (**) Option "config_info" "udev:/sys/devices/platform/i8042/serio0/input/input1/event1"
[    75.461] (II) XINPUT: Adding extended input device "AT Translated Set 2 keyboard" (type: KEYBOARD, id 8)
[    75.461] (**) Option "xkb_model" "SKIP"
[    75.461] (**) Option "xkb_layout" "us"
[    75.464] (II) event1  - AT Translated Set 2 keyboard: is tagged by udev as: Keyboard
[    75.465] (II) event1  - AT Translated Set 2 keyboard: device is a keyboard
[    75.472] (II) config/udev: Adding input device VirtualPS/2 VMware VMMouse (/dev/input/event3)
[    75.473] (**) VirtualPS/2 VMware VMMouse: Applying InputClass "libinput pointer catchall"
[    75.473] (II) Using input driver 'libinput' for 'VirtualPS/2 VMware VMMouse'
[    75.474] (II) systemd-logind: got fd for /dev/input/event3 13:67 fd 29 paused 0
[    75.474] (**) VirtualPS/2 VMware VMMouse: always reports core events
[    75.475] (**) Option "Device" "/dev/input/event3"
[    75.475] (**) Option "_source" "server/udev"
[    75.482] (II) event3  - VirtualPS/2 VMware VMMouse: is tagged by udev as: Mouse
[    75.482] (II) event3  - VirtualPS/2 VMware VMMouse: device is a pointer
[    75.482] (II) event3  - VirtualPS/2 VMware VMMouse: device removed
[    75.482] (**) Option "config_info" "udev:/sys/devices/platform/i8042/serio1/input/input3/event3"
[    75.482] (II) XINPUT: Adding extended input device "VirtualPS/2 VMware VMMouse" (type: MOUSE, id 9)
[    75.483] (**) Option "AccelerationScheme" "none"
[    75.483] (**) VirtualPS/2 VMware VMMouse: (accel) selected scheme none/0
[    75.483] (**) VirtualPS/2 VMware VMMouse: (accel) acceleration factor: 2.000
[    75.483] (**) VirtualPS/2 VMware VMMouse: (accel) acceleration threshold: 4
[    75.485] (II) event3  - VirtualPS/2 VMware VMMouse: is tagged by udev as: Mouse
[    75.485] (II) event3  - VirtualPS/2 VMware VMMouse: device is a pointer
[    75.488] (II) config/udev: Adding input device VirtualPS/2 VMware VMMouse (/dev/input/mouse1)
[    75.488] (II) No input driver specified, ignoring this device.
[    75.488] (II) This device may have been added with another device file.
[    75.489] (II) config/udev: Adding input device VirtualPS/2 VMware VMMouse (/dev/input/event2)
[    75.489] (**) VirtualPS/2 VMware VMMouse: Applying InputClass "libinput pointer catchall"
[    75.489] (II) Using input driver 'libinput' for 'VirtualPS/2 VMware VMMouse'
[    75.491] (II) systemd-logind: got fd for /dev/input/event2 13:66 fd 30 paused 0
[    75.491] (**) VirtualPS/2 VMware VMMouse: always reports core events
[    75.491] (**) Option "Device" "/dev/input/event2"
[    75.491] (**) Option "_source" "server/udev"
[    75.501] (II) event2  - VirtualPS/2 VMware VMMouse: is tagged by udev as: Mouse
[    75.506] (II) event2  - VirtualPS/2 VMware VMMouse: device is a pointer
[    75.507] (II) event2  - VirtualPS/2 VMware VMMouse: device removed
[    75.507] (**) Option "config_info" "udev:/sys/devices/platform/i8042/serio1/input/input4/event2"
[    75.507] (II) XINPUT: Adding extended input device "VirtualPS/2 VMware VMMouse" (type: MOUSE, id 10)
[    75.507] (**) Option "AccelerationScheme" "none"
[    75.509] (**) VirtualPS/2 VMware VMMouse: (accel) selected scheme none/0
[    75.509] (**) VirtualPS/2 VMware VMMouse: (accel) acceleration factor: 2.000
[    75.509] (**) VirtualPS/2 VMware VMMouse: (accel) acceleration threshold: 4
[    75.512] (II) event2  - VirtualPS/2 VMware VMMouse: is tagged by udev as: Mouse
[    75.515] (II) event2  - VirtualPS/2 VMware VMMouse: device is a pointer
[    75.519] (II) config/udev: Adding input device VirtualPS/2 VMware VMMouse (/dev/input/mouse0)
[    75.519] (II) No input driver specified, ignoring this device.
[    75.520] (II) This device may have been added with another device file.
[   108.408] (!!) vmware(0): New layout.
[   108.408] (!!) vmware(0): 0: 0 0 1718 878
[   108.408] (!!) vmware(0): 
[  9813.945] (!!) vmware(0): New layout.
[  9813.946] (!!) vmware(0): 0: 0 0 640 548
[  9813.946] (!!) vmware(0): 
[  9815.867] (!!) vmware(0): New layout.
[  9815.867] (!!) vmware(0): 0: 0 0 1718 878
[  9815.867] (!!) vmware(0): 
