2025-03-26 01:20:53.758 [info] Extension host with pid 32811 started
2025-03-26 01:20:54.632 [info] ExtensionService#_doActivateExtension vscode.github-authentication, startup: false, activationEvent: 'onAuthenticationRequest:github'
2025-03-26 01:20:54.855 [info] ExtensionService#_doActivateExtension vscode.git-base, startup: true, activationEvent: '*', root cause: vscode.git
2025-03-26 01:20:54.880 [info] ExtensionService#_doActivateExtension vscode.git, startup: true, activationEvent: '*'
2025-03-26 01:20:55.126 [info] ExtensionService#_doActivateExtension vscode.github, startup: true, activationEvent: '*'
2025-03-26 01:20:55.266 [info] Eager extensions activated
2025-03-26 01:20:55.322 [info] ExtensionService#_doActivateExtension vscode.debug-auto-launch, startup: false, activationEvent: 'onStartupFinished'
2025-03-26 01:20:55.325 [info] ExtensionService#_doActivateExtension vscode.merge-conflict, startup: false, activationEvent: 'onStartupFinished'
2025-03-26 01:26:07.845 [info] ExtensionService#_doActivateExtension vscode.emmet, startup: false, activationEvent: 'onLanguage'
2025-03-26 01:26:58.925 [info] Extension host terminating: renderer closed the MessagePort
2025-03-26 01:26:59.004 [info] Extension host with pid 32811 exiting with code 0
2025-03-26 01:27:02.421 [info] Extension host with pid 34458 started
2025-03-26 01:27:02.422 [info] Skipping acquiring lock for /home/meewoan/.config/Code/User/workspaceStorage/76b60845ed8dfde052a814f84f634cea.
2025-03-26 01:27:02.535 [info] ExtensionService#_doActivateExtension vscode.github-authentication, startup: false, activationEvent: 'onAuthenticationRequest:github'
2025-03-26 01:27:02.688 [info] ExtensionService#_doActivateExtension vscode.git-base, startup: true, activationEvent: '*'
2025-03-26 01:27:02.738 [info] ExtensionService#_doActivateExtension vscode.github, startup: true, activationEvent: '*'
2025-03-26 01:27:02.924 [info] Eager extensions activated
2025-03-26 01:27:02.956 [info] ExtensionService#_doActivateExtension vscode.debug-auto-launch, startup: false, activationEvent: 'onStartupFinished'
2025-03-26 01:27:02.964 [info] ExtensionService#_doActivateExtension vscode.merge-conflict, startup: false, activationEvent: 'onStartupFinished'
2025-03-26 01:27:07.353 [info] ExtensionService#_doActivateExtension vscode.git, startup: false, activationEvent: 'api', root cause: vscode.github
2025-03-26 01:28:37.490 [info] ExtensionService#_doActivateExtension vscode.emmet, startup: false, activationEvent: 'onLanguage'
2025-03-26 02:20:43.884 [info] Extension host terminating: renderer closed the MessagePort
2025-03-26 02:20:43.908 [info] Extension host with pid 34458 exiting with code 0
