[0.021s] Invoking command in '/home/meewoan/build/my_package': CMAKE_PREFIX_PATH=/opt/ros/foxy /usr/bin/cmake /home/meewoan/dev_ws/my_package -DAMENT_CMAKE_SYMLINK_INSTALL=1 -DCMAKE_INSTALL_PREFIX=/home/meewoan/install/my_package
[0.293s] -- The C compiler identification is GNU 9.4.0
[0.502s] -- The CXX compiler identification is GNU 9.4.0
[0.515s] -- Check for working C compiler: /usr/bin/cc
[0.670s] -- Check for working C compiler: /usr/bin/cc -- works
[0.674s] -- Detecting C compiler ABI info
[0.779s] -- Detecting C compiler ABI info - done
[0.792s] -- Detecting C compile features
[0.793s] -- Detecting C compile features - done
[0.798s] -- Check for working CXX compiler: /usr/bin/c++
[0.923s] -- Check for working CXX compiler: /usr/bin/c++ -- works
[0.925s] -- Detecting CXX compiler ABI info
[1.039s] -- Detecting CXX compiler ABI info - done
[1.049s] -- Detecting CXX compile features
[1.049s] -- Detecting CXX compile features - done
[1.055s] -- Found ament_cmake: 0.9.12 (/opt/ros/foxy/share/ament_cmake/cmake)
[1.095s] -- Found PythonInterp: /usr/bin/python3 (found suitable version "3.8.10", minimum required is "3") 
[1.095s] -- Using PYTHON_EXECUTABLE: /usr/bin/python3
[1.379s] -- Override CMake install command with custom implementation using symlinks instead of copying resources
[1.428s] -- Found ament_lint_auto: 0.9.8 (/opt/ros/foxy/share/ament_lint_auto/cmake)
[1.554s] -- Added test 'copyright' to check source files copyright and LICENSE
[1.557s] -- Added test 'flake8' to check Python code syntax and style conventions
[1.559s] -- Added test 'lint_cmake' to check CMake code style
[1.560s] -- Added test 'pep257' to check Python code against some of the style conventions in PEP 257
[1.562s] -- Added test 'xmllint' to check XML markup files
[1.566s] -- Configuring done
[1.572s] -- Generating done
[1.574s] -- Build files have been written to: /home/meewoan/build/my_package
[1.579s] Invoked command in '/home/meewoan/build/my_package' returned '0': CMAKE_PREFIX_PATH=/opt/ros/foxy /usr/bin/cmake /home/meewoan/dev_ws/my_package -DAMENT_CMAKE_SYMLINK_INSTALL=1 -DCMAKE_INSTALL_PREFIX=/home/meewoan/install/my_package
[1.584s] Invoking command in '/home/meewoan/build/my_package': CMAKE_PREFIX_PATH=/opt/ros/foxy /usr/bin/cmake --build /home/meewoan/build/my_package -- -j2 -l2
[1.653s] Invoked command in '/home/meewoan/build/my_package' returned '0': CMAKE_PREFIX_PATH=/opt/ros/foxy /usr/bin/cmake --build /home/meewoan/build/my_package -- -j2 -l2
[1.677s] Invoking command in '/home/meewoan/build/my_package': CMAKE_PREFIX_PATH=/opt/ros/foxy /usr/bin/cmake --install /home/meewoan/build/my_package
[1.689s] -- Install configuration: ""
[1.693s] -- Execute custom install script
[1.693s] -- Symlinking: /home/meewoan/install/my_package/share/ament_index/resource_index/package_run_dependencies/my_package
[1.706s] -- Symlinking: /home/meewoan/install/my_package/share/ament_index/resource_index/parent_prefix_path/my_package
[1.721s] -- Symlinking: /home/meewoan/install/my_package/share/my_package/environment/ament_prefix_path.sh
[1.732s] -- Symlinking: /home/meewoan/install/my_package/share/my_package/environment/ament_prefix_path.dsv
[1.745s] -- Symlinking: /home/meewoan/install/my_package/share/my_package/environment/path.sh
[1.756s] -- Symlinking: /home/meewoan/install/my_package/share/my_package/environment/path.dsv
[1.773s] -- Symlinking: /home/meewoan/install/my_package/share/my_package/local_setup.bash
[1.785s] -- Symlinking: /home/meewoan/install/my_package/share/my_package/local_setup.sh
[1.796s] -- Symlinking: /home/meewoan/install/my_package/share/my_package/local_setup.zsh
[1.811s] -- Symlinking: /home/meewoan/install/my_package/share/my_package/local_setup.dsv
[1.823s] -- Symlinking: /home/meewoan/install/my_package/share/my_package/package.dsv
[1.835s] -- Symlinking: /home/meewoan/install/my_package/share/ament_index/resource_index/packages/my_package
[1.847s] -- Symlinking: /home/meewoan/install/my_package/share/my_package/cmake/my_packageConfig.cmake
[1.858s] -- Symlinking: /home/meewoan/install/my_package/share/my_package/cmake/my_packageConfig-version.cmake
[1.870s] -- Symlinking: /home/meewoan/install/my_package/share/my_package/package.xml
[1.894s] Invoked command in '/home/meewoan/build/my_package' returned '0': CMAKE_PREFIX_PATH=/opt/ros/foxy /usr/bin/cmake --install /home/meewoan/build/my_package
